2024/12/03 09:47:35 [notice] 1#1: using the "epoll" event method
2024/12/03 09:47:35 [notice] 1#1: nginx/1.26.2
2024/12/03 09:47:35 [notice] 1#1: built by gcc 13.2.1 20240309 (Alpine 13.2.1_git20240309) 
2024/12/03 09:47:35 [notice] 1#1: OS: Linux 5.15.167.4-microsoft-standard-WSL2
2024/12/03 09:47:35 [notice] 1#1: getrlimit(RLIMIT_NOFILE): 1048576:1048576
2024/12/03 09:47:35 [notice] 1#1: start worker processes
2024/12/03 09:47:35 [notice] 1#1: start worker process 29
2024/12/03 09:47:35 [notice] 1#1: start worker process 30
2024/12/03 09:47:35 [notice] 1#1: start worker process 31
2024/12/03 09:47:35 [notice] 1#1: start worker process 32
2024/12/03 09:47:35 [notice] 1#1: start worker process 33
2024/12/03 09:47:35 [notice] 1#1: start worker process 34
2024/12/03 09:47:35 [notice] 1#1: start worker process 35
2024/12/03 09:47:35 [notice] 1#1: start worker process 36
2024/12/03 09:51:34 [notice] 1#1: signal 3 (SIGQUIT) received, shutting down
2024/12/03 09:51:34 [notice] 33#33: gracefully shutting down
2024/12/03 09:51:34 [notice] 29#29: gracefully shutting down
2024/12/03 09:51:34 [notice] 31#31: gracefully shutting down
2024/12/03 09:51:34 [notice] 30#30: gracefully shutting down
2024/12/03 09:51:34 [notice] 32#32: gracefully shutting down
2024/12/03 09:51:34 [notice] 36#36: gracefully shutting down
2024/12/03 09:51:34 [notice] 34#34: gracefully shutting down
2024/12/03 09:51:34 [notice] 35#35: gracefully shutting down
2024/12/03 09:51:34 [notice] 33#33: exiting
2024/12/03 09:51:34 [notice] 29#29: exiting
2024/12/03 09:51:34 [notice] 31#31: exiting
2024/12/03 09:51:34 [notice] 30#30: exiting
2024/12/03 09:51:34 [notice] 32#32: exiting
2024/12/03 09:51:34 [notice] 36#36: exiting
2024/12/03 09:51:34 [notice] 34#34: exiting
2024/12/03 09:51:34 [notice] 35#35: exiting
2024/12/03 09:51:34 [notice] 33#33: exit
2024/12/03 09:51:34 [notice] 29#29: exit
2024/12/03 09:51:34 [notice] 31#31: exit
2024/12/03 09:51:34 [notice] 30#30: exit
2024/12/03 09:51:34 [notice] 32#32: exit
2024/12/03 09:51:34 [notice] 36#36: exit
2024/12/03 09:51:34 [notice] 34#34: exit
2024/12/03 09:51:34 [notice] 35#35: exit
2024/12/03 09:51:34 [notice] 1#1: signal 17 (SIGCHLD) received from 35
2024/12/03 09:51:34 [notice] 1#1: worker process 34 exited with code 0
2024/12/03 09:51:34 [notice] 1#1: worker process 35 exited with code 0
2024/12/03 09:51:34 [notice] 1#1: signal 29 (SIGIO) received
2024/12/03 09:51:34 [notice] 1#1: signal 17 (SIGCHLD) received from 34
2024/12/03 09:51:34 [notice] 1#1: signal 17 (SIGCHLD) received from 29
2024/12/03 09:51:34 [notice] 1#1: worker process 29 exited with code 0
2024/12/03 09:51:34 [notice] 1#1: signal 29 (SIGIO) received
2024/12/03 09:51:34 [notice] 1#1: signal 17 (SIGCHLD) received from 33
2024/12/03 09:51:34 [notice] 1#1: worker process 32 exited with code 0
2024/12/03 09:51:34 [notice] 1#1: worker process 33 exited with code 0
2024/12/03 09:51:34 [notice] 1#1: worker process 36 exited with code 0
2024/12/03 09:51:34 [notice] 1#1: signal 29 (SIGIO) received
2024/12/03 09:51:34 [notice] 1#1: signal 17 (SIGCHLD) received from 32
2024/12/03 09:51:34 [notice] 1#1: signal 17 (SIGCHLD) received from 30
2024/12/03 09:51:34 [notice] 1#1: worker process 30 exited with code 0
2024/12/03 09:51:34 [notice] 1#1: signal 29 (SIGIO) received
2024/12/03 09:51:34 [notice] 1#1: signal 17 (SIGCHLD) received from 31
2024/12/03 09:51:34 [notice] 1#1: worker process 31 exited with code 0
2024/12/03 09:51:34 [notice] 1#1: exit
2024/12/03 09:58:54 [notice] 1#1: using the "epoll" event method
2024/12/03 09:58:54 [notice] 1#1: nginx/1.26.2
2024/12/03 09:58:54 [notice] 1#1: built by gcc 13.2.1 20240309 (Alpine 13.2.1_git20240309) 
2024/12/03 09:58:54 [notice] 1#1: OS: Linux 5.15.167.4-microsoft-standard-WSL2
2024/12/03 09:58:54 [notice] 1#1: getrlimit(RLIMIT_NOFILE): 1048576:1048576
2024/12/03 09:58:54 [notice] 1#1: start worker processes
2024/12/03 09:58:54 [notice] 1#1: start worker process 29
2024/12/03 09:58:54 [notice] 1#1: start worker process 30
2024/12/03 09:58:54 [notice] 1#1: start worker process 31
2024/12/03 09:58:54 [notice] 1#1: start worker process 32
2024/12/03 09:58:54 [notice] 1#1: start worker process 33
2024/12/03 09:58:54 [notice] 1#1: start worker process 34
2024/12/03 09:58:54 [notice] 1#1: start worker process 35
2024/12/03 09:58:54 [notice] 1#1: start worker process 36
2024/12/03 10:22:55 [notice] 1#1: signal 3 (SIGQUIT) received, shutting down
2024/12/03 10:22:55 [notice] 32#32: gracefully shutting down
2024/12/03 10:22:55 [notice] 33#33: gracefully shutting down
2024/12/03 10:22:55 [notice] 33#33: exiting
2024/12/03 10:22:55 [notice] 34#34: gracefully shutting down
2024/12/03 10:22:55 [notice] 31#31: gracefully shutting down
2024/12/03 10:22:55 [notice] 30#30: gracefully shutting down
2024/12/03 10:22:55 [notice] 35#35: gracefully shutting down
2024/12/03 10:22:55 [notice] 29#29: gracefully shutting down
2024/12/03 10:22:55 [notice] 36#36: gracefully shutting down
2024/12/03 10:22:55 [notice] 32#32: exiting
2024/12/03 10:22:55 [notice] 33#33: exit
2024/12/03 10:22:55 [notice] 34#34: exiting
2024/12/03 10:22:55 [notice] 31#31: exiting
2024/12/03 10:22:55 [notice] 31#31: exit
2024/12/03 10:22:55 [notice] 30#30: exiting
2024/12/03 10:22:55 [notice] 35#35: exiting
2024/12/03 10:22:55 [notice] 29#29: exiting
2024/12/03 10:22:55 [notice] 36#36: exiting
2024/12/03 10:22:55 [notice] 32#32: exit
2024/12/03 10:22:55 [notice] 34#34: exit
2024/12/03 10:22:55 [notice] 30#30: exit
2024/12/03 10:22:55 [notice] 35#35: exit
2024/12/03 10:22:55 [notice] 29#29: exit
2024/12/03 10:22:55 [notice] 36#36: exit
2024/12/03 10:22:55 [notice] 1#1: signal 17 (SIGCHLD) received from 29
2024/12/03 10:22:55 [notice] 1#1: worker process 29 exited with code 0
2024/12/03 10:22:55 [notice] 1#1: worker process 30 exited with code 0
2024/12/03 10:22:55 [notice] 1#1: worker process 31 exited with code 0
2024/12/03 10:22:55 [notice] 1#1: worker process 32 exited with code 0
2024/12/03 10:22:55 [notice] 1#1: worker process 33 exited with code 0
2024/12/03 10:22:55 [notice] 1#1: worker process 34 exited with code 0
2024/12/03 10:22:55 [notice] 1#1: worker process 35 exited with code 0
2024/12/03 10:22:55 [notice] 1#1: worker process 36 exited with code 0
2024/12/03 10:22:55 [notice] 1#1: exit
2024/12/03 10:23:41 [notice] 1#1: using the "epoll" event method
2024/12/03 10:23:41 [notice] 1#1: nginx/1.26.2
2024/12/03 10:23:41 [notice] 1#1: built by gcc 13.2.1 20240309 (Alpine 13.2.1_git20240309) 
2024/12/03 10:23:41 [notice] 1#1: OS: Linux 5.15.167.4-microsoft-standard-WSL2
2024/12/03 10:23:41 [notice] 1#1: getrlimit(RLIMIT_NOFILE): 1048576:1048576
2024/12/03 10:23:41 [notice] 1#1: start worker processes
2024/12/03 10:23:41 [notice] 1#1: start worker process 29
2024/12/03 10:23:41 [notice] 1#1: start worker process 30
2024/12/03 10:23:41 [notice] 1#1: start worker process 31
2024/12/03 10:23:41 [notice] 1#1: start worker process 32
2024/12/03 10:23:41 [notice] 1#1: start worker process 33
2024/12/03 10:23:41 [notice] 1#1: start worker process 34
2024/12/03 10:23:41 [notice] 1#1: start worker process 35
2024/12/03 10:23:41 [notice] 1#1: start worker process 36
2024/12/03 10:24:27 [notice] 1#1: signal 3 (SIGQUIT) received, shutting down
2024/12/03 10:24:27 [notice] 30#30: gracefully shutting down
2024/12/03 10:24:27 [notice] 32#32: gracefully shutting down
2024/12/03 10:24:27 [notice] 33#33: gracefully shutting down
2024/12/03 10:24:27 [notice] 34#34: gracefully shutting down
2024/12/03 10:24:27 [notice] 34#34: exiting
2024/12/03 10:24:27 [notice] 36#36: gracefully shutting down
2024/12/03 10:24:27 [notice] 35#35: gracefully shutting down
2024/12/03 10:24:27 [notice] 29#29: gracefully shutting down
2024/12/03 10:24:27 [notice] 31#31: gracefully shutting down
2024/12/03 10:24:27 [notice] 30#30: exiting
2024/12/03 10:24:27 [notice] 32#32: exiting
2024/12/03 10:24:27 [notice] 33#33: exiting
2024/12/03 10:24:27 [notice] 34#34: exit
2024/12/03 10:24:27 [notice] 36#36: exiting
2024/12/03 10:24:27 [notice] 35#35: exiting
2024/12/03 10:24:27 [notice] 29#29: exiting
2024/12/03 10:24:27 [notice] 31#31: exiting
2024/12/03 10:24:27 [notice] 30#30: exit
2024/12/03 10:24:27 [notice] 32#32: exit
2024/12/03 10:24:27 [notice] 33#33: exit
2024/12/03 10:24:27 [notice] 36#36: exit
2024/12/03 10:24:27 [notice] 35#35: exit
2024/12/03 10:24:27 [notice] 29#29: exit
2024/12/03 10:24:27 [notice] 31#31: exit
2024/12/03 10:24:45 [notice] 1#1: using the "epoll" event method
2024/12/03 10:24:45 [notice] 1#1: nginx/1.26.2
2024/12/03 10:24:45 [notice] 1#1: built by gcc 13.2.1 20240309 (Alpine 13.2.1_git20240309) 
2024/12/03 10:24:45 [notice] 1#1: OS: Linux 5.15.167.4-microsoft-standard-WSL2
2024/12/03 10:24:45 [notice] 1#1: getrlimit(RLIMIT_NOFILE): 1048576:1048576
2024/12/03 10:24:45 [notice] 1#1: start worker processes
2024/12/03 10:24:45 [notice] 1#1: start worker process 29
2024/12/03 10:24:45 [notice] 1#1: start worker process 30
2024/12/03 10:24:45 [notice] 1#1: start worker process 31
2024/12/03 10:24:45 [notice] 1#1: start worker process 32
2024/12/03 10:24:45 [notice] 1#1: start worker process 33
2024/12/03 10:24:45 [notice] 1#1: start worker process 34
2024/12/03 10:24:45 [notice] 1#1: start worker process 35
2024/12/03 10:24:45 [notice] 1#1: start worker process 36
2024/12/03 10:25:12 [notice] 1#1: signal 3 (SIGQUIT) received, shutting down
2024/12/03 10:25:12 [notice] 29#29: gracefully shutting down
2024/12/03 10:25:12 [notice] 30#30: gracefully shutting down
2024/12/03 10:25:12 [notice] 31#31: gracefully shutting down
2024/12/03 10:25:12 [notice] 33#33: gracefully shutting down
2024/12/03 10:25:12 [notice] 32#32: gracefully shutting down
2024/12/03 10:25:12 [notice] 34#34: gracefully shutting down
2024/12/03 10:25:12 [notice] 36#36: gracefully shutting down
2024/12/03 10:25:12 [notice] 35#35: gracefully shutting down
2024/12/03 10:25:12 [notice] 29#29: exiting
2024/12/03 10:25:12 [notice] 30#30: exiting
2024/12/03 10:25:12 [notice] 29#29: exit
2024/12/03 10:25:12 [notice] 31#31: exiting
2024/12/03 10:25:12 [notice] 33#33: exiting
2024/12/03 10:25:12 [notice] 32#32: exiting
2024/12/03 10:25:12 [notice] 34#34: exiting
2024/12/03 10:25:12 [notice] 36#36: exiting
2024/12/03 10:25:12 [notice] 35#35: exiting
2024/12/03 10:25:12 [notice] 30#30: exit
2024/12/03 10:25:12 [notice] 31#31: exit
2024/12/03 10:25:12 [notice] 33#33: exit
2024/12/03 10:25:12 [notice] 32#32: exit
2024/12/03 10:25:12 [notice] 34#34: exit
2024/12/03 10:25:12 [notice] 36#36: exit
2024/12/03 10:25:12 [notice] 35#35: exit
2024/12/03 10:25:12 [notice] 1#1: signal 17 (SIGCHLD) received from 36
2024/12/03 10:25:12 [notice] 1#1: worker process 34 exited with code 0
2024/12/03 10:25:12 [notice] 1#1: worker process 36 exited with code 0
2024/12/03 10:25:12 [notice] 1#1: signal 29 (SIGIO) received
2024/12/03 10:25:12 [notice] 1#1: signal 17 (SIGCHLD) received from 30
2024/12/03 10:25:12 [notice] 1#1: worker process 29 exited with code 0
2024/12/03 10:25:12 [notice] 1#1: worker process 30 exited with code 0
2024/12/03 10:25:12 [notice] 1#1: worker process 32 exited with code 0
2024/12/03 10:25:12 [notice] 1#1: worker process 33 exited with code 0
2024/12/03 10:25:12 [notice] 1#1: signal 29 (SIGIO) received
2024/12/03 10:25:12 [notice] 1#1: signal 17 (SIGCHLD) received from 29
2024/12/03 10:25:12 [notice] 1#1: signal 17 (SIGCHLD) received from 31
2024/12/03 10:25:12 [notice] 1#1: worker process 31 exited with code 0
2024/12/03 10:25:12 [notice] 1#1: worker process 35 exited with code 0
2024/12/03 10:25:12 [notice] 1#1: exit
2024/12/03 10:25:23 [notice] 1#1: using the "epoll" event method
2024/12/03 10:25:23 [notice] 1#1: nginx/1.26.2
2024/12/03 10:25:23 [notice] 1#1: built by gcc 13.2.1 20240309 (Alpine 13.2.1_git20240309) 
2024/12/03 10:25:23 [notice] 1#1: OS: Linux 5.15.167.4-microsoft-standard-WSL2
2024/12/03 10:25:23 [notice] 1#1: getrlimit(RLIMIT_NOFILE): 1048576:1048576
2024/12/03 10:25:23 [notice] 1#1: start worker processes
2024/12/03 10:25:23 [notice] 1#1: start worker process 29
2024/12/03 10:25:23 [notice] 1#1: start worker process 30
2024/12/03 10:25:23 [notice] 1#1: start worker process 31
2024/12/03 10:25:23 [notice] 1#1: start worker process 32
2024/12/03 10:25:23 [notice] 1#1: start worker process 33
2024/12/03 10:25:23 [notice] 1#1: start worker process 34
2024/12/03 10:25:23 [notice] 1#1: start worker process 35
2024/12/03 10:25:23 [notice] 1#1: start worker process 36
2024/12/03 10:29:58 [notice] 1#1: signal 3 (SIGQUIT) received, shutting down
2024/12/03 10:29:58 [notice] 29#29: gracefully shutting down
2024/12/03 10:29:58 [notice] 31#31: gracefully shutting down
2024/12/03 10:29:58 [notice] 30#30: gracefully shutting down
2024/12/03 10:29:58 [notice] 35#35: gracefully shutting down
2024/12/03 10:29:58 [notice] 35#35: exiting
2024/12/03 10:29:58 [notice] 33#33: gracefully shutting down
2024/12/03 10:29:58 [notice] 34#34: gracefully shutting down
2024/12/03 10:29:58 [notice] 36#36: gracefully shutting down
2024/12/03 10:29:58 [notice] 32#32: gracefully shutting down
2024/12/03 10:29:58 [notice] 32#32: exiting
2024/12/03 10:29:58 [notice] 29#29: exiting
2024/12/03 10:29:58 [notice] 31#31: exiting
2024/12/03 10:29:58 [notice] 30#30: exiting
2024/12/03 10:29:58 [notice] 35#35: exit
2024/12/03 10:29:58 [notice] 33#33: exiting
2024/12/03 10:29:58 [notice] 34#34: exiting
2024/12/03 10:29:58 [notice] 36#36: exiting
2024/12/03 10:29:58 [notice] 32#32: exit
2024/12/03 10:29:58 [notice] 34#34: exit
2024/12/03 10:29:58 [notice] 29#29: exit
2024/12/03 10:29:58 [notice] 31#31: exit
2024/12/03 10:29:58 [notice] 30#30: exit
2024/12/03 10:29:58 [notice] 33#33: exit
2024/12/03 10:29:58 [notice] 36#36: exit
2024/12/03 10:29:58 [notice] 1#1: signal 17 (SIGCHLD) received from 35
2024/12/03 10:29:58 [notice] 1#1: worker process 35 exited with code 0
2024/12/03 10:29:58 [notice] 1#1: signal 29 (SIGIO) received
2024/12/03 10:29:58 [notice] 1#1: signal 17 (SIGCHLD) received from 33
2024/12/03 10:29:58 [notice] 1#1: worker process 29 exited with code 0
2024/12/03 10:29:58 [notice] 1#1: worker process 30 exited with code 0
2024/12/03 10:29:58 [notice] 1#1: worker process 31 exited with code 0
2024/12/03 10:29:58 [notice] 1#1: worker process 32 exited with code 0
2024/12/03 10:29:58 [notice] 1#1: worker process 33 exited with code 0
2024/12/03 10:29:58 [notice] 1#1: worker process 34 exited with code 0
2024/12/03 10:29:58 [notice] 1#1: worker process 36 exited with code 0
2024/12/03 10:29:58 [notice] 1#1: exit
2024/12/03 10:30:12 [notice] 1#1: using the "epoll" event method
2024/12/03 10:30:12 [notice] 1#1: nginx/1.26.2
2024/12/03 10:30:12 [notice] 1#1: built by gcc 13.2.1 20240309 (Alpine 13.2.1_git20240309) 
2024/12/03 10:30:12 [notice] 1#1: OS: Linux 5.15.167.4-microsoft-standard-WSL2
2024/12/03 10:30:12 [notice] 1#1: getrlimit(RLIMIT_NOFILE): 1048576:1048576
2024/12/03 10:30:12 [notice] 1#1: start worker processes
2024/12/03 10:30:12 [notice] 1#1: start worker process 30
2024/12/03 10:30:12 [notice] 1#1: start worker process 31
2024/12/03 10:30:12 [notice] 1#1: start worker process 32
2024/12/03 10:30:12 [notice] 1#1: start worker process 33
2024/12/03 10:30:12 [notice] 1#1: start worker process 34
2024/12/03 10:30:12 [notice] 1#1: start worker process 35
2024/12/03 10:30:12 [notice] 1#1: start worker process 36
2024/12/03 10:30:12 [notice] 1#1: start worker process 37
2024/12/03 10:42:15 [notice] 1#1: signal 3 (SIGQUIT) received, shutting down
2024/12/03 10:42:15 [notice] 30#30: gracefully shutting down
2024/12/03 10:42:15 [notice] 32#32: gracefully shutting down
2024/12/03 10:42:15 [notice] 31#31: gracefully shutting down
2024/12/03 10:42:15 [notice] 33#33: gracefully shutting down
2024/12/03 10:42:15 [notice] 34#34: gracefully shutting down
2024/12/03 10:42:15 [notice] 36#36: gracefully shutting down
2024/12/03 10:42:15 [notice] 35#35: gracefully shutting down
2024/12/03 10:42:15 [notice] 35#35: exiting
2024/12/03 10:42:15 [notice] 37#37: gracefully shutting down
2024/12/03 10:42:15 [notice] 30#30: exiting
2024/12/03 10:42:15 [notice] 32#32: exiting
2024/12/03 10:42:15 [notice] 31#31: exiting
2024/12/03 10:42:15 [notice] 33#33: exiting
2024/12/03 10:42:15 [notice] 34#34: exiting
2024/12/03 10:42:15 [notice] 36#36: exiting
2024/12/03 10:42:15 [notice] 35#35: exit
2024/12/03 10:42:15 [notice] 37#37: exiting
2024/12/03 10:42:15 [notice] 30#30: exit
2024/12/03 10:42:15 [notice] 32#32: exit
2024/12/03 10:42:15 [notice] 31#31: exit
2024/12/03 10:42:15 [notice] 33#33: exit
2024/12/03 10:42:15 [notice] 34#34: exit
2024/12/03 10:42:15 [notice] 36#36: exit
2024/12/03 10:42:15 [notice] 37#37: exit
2024/12/03 10:42:15 [notice] 1#1: signal 17 (SIGCHLD) received from 37
2024/12/03 10:42:15 [notice] 1#1: worker process 33 exited with code 0
2024/12/03 10:42:15 [notice] 1#1: worker process 37 exited with code 0
2024/12/03 10:42:15 [notice] 1#1: signal 29 (SIGIO) received
2024/12/03 10:42:15 [notice] 1#1: signal 17 (SIGCHLD) received from 34
2024/12/03 10:42:15 [notice] 1#1: worker process 30 exited with code 0
2024/12/03 10:42:15 [notice] 1#1: worker process 31 exited with code 0
2024/12/03 10:42:15 [notice] 1#1: worker process 34 exited with code 0
2024/12/03 10:42:15 [notice] 1#1: worker process 35 exited with code 0
2024/12/03 10:42:15 [notice] 1#1: worker process 36 exited with code 0
2024/12/03 10:42:15 [notice] 1#1: signal 29 (SIGIO) received
2024/12/03 10:42:15 [notice] 1#1: signal 17 (SIGCHLD) received from 30
2024/12/03 10:42:15 [notice] 1#1: signal 17 (SIGCHLD) received from 32
2024/12/03 10:42:15 [notice] 1#1: worker process 32 exited with code 0
2024/12/03 10:42:15 [notice] 1#1: exit
2024/12/03 10:42:24 [notice] 1#1: using the "epoll" event method
2024/12/03 10:42:24 [notice] 1#1: nginx/1.26.2
2024/12/03 10:42:24 [notice] 1#1: built by gcc 13.2.1 20240309 (Alpine 13.2.1_git20240309) 
2024/12/03 10:42:24 [notice] 1#1: OS: Linux 5.15.167.4-microsoft-standard-WSL2
2024/12/03 10:42:24 [notice] 1#1: getrlimit(RLIMIT_NOFILE): 1048576:1048576
2024/12/03 10:42:24 [notice] 1#1: start worker processes
2024/12/03 10:42:24 [notice] 1#1: start worker process 30
2024/12/03 10:42:24 [notice] 1#1: start worker process 31
2024/12/03 10:42:24 [notice] 1#1: start worker process 32
2024/12/03 10:42:24 [notice] 1#1: start worker process 33
2024/12/03 10:42:24 [notice] 1#1: start worker process 34
2024/12/03 10:42:24 [notice] 1#1: start worker process 35
2024/12/03 10:42:24 [notice] 1#1: start worker process 36
2024/12/03 10:42:24 [notice] 1#1: start worker process 37
2024/12/03 10:56:58 [notice] 1#1: signal 3 (SIGQUIT) received, shutting down
2024/12/03 10:56:58 [notice] 30#30: gracefully shutting down
2024/12/03 10:56:58 [notice] 32#32: gracefully shutting down
2024/12/03 10:56:58 [notice] 36#36: gracefully shutting down
2024/12/03 10:56:58 [notice] 34#34: gracefully shutting down
2024/12/03 10:56:58 [notice] 31#31: gracefully shutting down
2024/12/03 10:56:58 [notice] 33#33: gracefully shutting down
2024/12/03 10:56:58 [notice] 31#31: exiting
2024/12/03 10:56:58 [notice] 35#35: gracefully shutting down
2024/12/03 10:56:58 [notice] 37#37: gracefully shutting down
2024/12/03 10:56:58 [notice] 30#30: exiting
2024/12/03 10:56:58 [notice] 32#32: exiting
2024/12/03 10:56:58 [notice] 36#36: exiting
2024/12/03 10:56:58 [notice] 34#34: exiting
2024/12/03 10:56:58 [notice] 33#33: exiting
2024/12/03 10:56:58 [notice] 31#31: exit
2024/12/03 10:56:58 [notice] 37#37: exiting
2024/12/03 10:56:58 [notice] 35#35: exiting
2024/12/03 10:56:58 [notice] 30#30: exit
2024/12/03 10:56:58 [notice] 32#32: exit
2024/12/03 10:56:58 [notice] 36#36: exit
2024/12/03 10:56:58 [notice] 34#34: exit
2024/12/03 10:56:58 [notice] 33#33: exit
2024/12/03 10:56:58 [notice] 37#37: exit
2024/12/03 10:56:58 [notice] 35#35: exit
2024/12/03 10:56:58 [notice] 1#1: signal 17 (SIGCHLD) received from 36
2024/12/03 10:56:58 [notice] 1#1: worker process 31 exited with code 0
2024/12/03 10:56:58 [notice] 1#1: worker process 32 exited with code 0
2024/12/03 10:56:58 [notice] 1#1: worker process 36 exited with code 0
2024/12/03 10:56:58 [notice] 1#1: signal 29 (SIGIO) received
2024/12/03 10:56:58 [notice] 1#1: signal 17 (SIGCHLD) received from 34
2024/12/03 10:56:58 [notice] 1#1: worker process 33 exited with code 0
2024/12/03 10:56:58 [notice] 1#1: worker process 34 exited with code 0
2024/12/03 10:56:58 [notice] 1#1: worker process 35 exited with code 0
2024/12/03 10:56:58 [notice] 1#1: worker process 37 exited with code 0
2024/12/03 10:56:58 [notice] 1#1: signal 29 (SIGIO) received
2024/12/03 10:56:58 [notice] 1#1: signal 17 (SIGCHLD) received from 37
2024/12/03 10:56:58 [notice] 1#1: signal 17 (SIGCHLD) received from 30
2024/12/03 10:56:58 [notice] 1#1: worker process 30 exited with code 0
2024/12/03 10:56:58 [notice] 1#1: exit
2024/12/03 10:57:21 [notice] 1#1: using the "epoll" event method
2024/12/03 10:57:21 [notice] 1#1: nginx/1.26.2
2024/12/03 10:57:21 [notice] 1#1: built by gcc 13.2.1 20240309 (Alpine 13.2.1_git20240309) 
2024/12/03 10:57:21 [notice] 1#1: OS: Linux 5.15.167.4-microsoft-standard-WSL2
2024/12/03 10:57:21 [notice] 1#1: getrlimit(RLIMIT_NOFILE): 1048576:1048576
2024/12/03 10:57:21 [notice] 1#1: start worker processes
2024/12/03 10:57:21 [notice] 1#1: start worker process 29
2024/12/03 10:57:21 [notice] 1#1: start worker process 30
2024/12/03 10:57:21 [notice] 1#1: start worker process 31
2024/12/03 10:57:21 [notice] 1#1: start worker process 32
2024/12/03 10:57:21 [notice] 1#1: start worker process 33
2024/12/03 10:57:21 [notice] 1#1: start worker process 34
2024/12/03 10:57:21 [notice] 1#1: start worker process 35
2024/12/03 10:57:21 [notice] 1#1: start worker process 36
2024/12/03 11:06:10 [notice] 1#1: signal 3 (SIGQUIT) received, shutting down
2024/12/03 11:06:10 [notice] 31#31: gracefully shutting down
2024/12/03 11:06:10 [notice] 29#29: gracefully shutting down
2024/12/03 11:06:10 [notice] 36#36: gracefully shutting down
2024/12/03 11:06:10 [notice] 30#30: gracefully shutting down
2024/12/03 11:06:10 [notice] 35#35: gracefully shutting down
2024/12/03 11:06:10 [notice] 32#32: gracefully shutting down
2024/12/03 11:06:10 [notice] 33#33: gracefully shutting down
2024/12/03 11:06:10 [notice] 34#34: gracefully shutting down
2024/12/03 11:06:10 [notice] 31#31: exiting
2024/12/03 11:06:10 [notice] 29#29: exiting
2024/12/03 11:06:10 [notice] 36#36: exiting
2024/12/03 11:06:10 [notice] 30#30: exiting
2024/12/03 11:06:10 [notice] 35#35: exiting
2024/12/03 11:06:10 [notice] 32#32: exiting
2024/12/03 11:06:10 [notice] 33#33: exiting
2024/12/03 11:06:10 [notice] 34#34: exiting
2024/12/03 11:06:10 [notice] 31#31: exit
2024/12/03 11:06:10 [notice] 29#29: exit
2024/12/03 11:06:10 [notice] 36#36: exit
2024/12/03 11:06:10 [notice] 30#30: exit
2024/12/03 11:06:10 [notice] 35#35: exit
2024/12/03 11:06:10 [notice] 32#32: exit
2024/12/03 11:06:10 [notice] 33#33: exit
2024/12/03 11:06:10 [notice] 34#34: exit
2024/12/03 11:06:10 [notice] 1#1: signal 17 (SIGCHLD) received from 31
2024/12/03 11:06:10 [notice] 1#1: worker process 30 exited with code 0
2024/12/03 11:06:10 [notice] 1#1: worker process 31 exited with code 0
2024/12/03 11:06:10 [notice] 1#1: worker process 34 exited with code 0
2024/12/03 11:06:10 [notice] 1#1: worker process 36 exited with code 0
2024/12/03 11:06:10 [notice] 1#1: signal 29 (SIGIO) received
2024/12/03 11:06:10 [notice] 1#1: signal 17 (SIGCHLD) received from 30
2024/12/03 11:06:10 [notice] 1#1: signal 17 (SIGCHLD) received from 33
2024/12/03 11:06:10 [notice] 1#1: worker process 29 exited with code 0
2024/12/03 11:06:10 [notice] 1#1: worker process 33 exited with code 0
2024/12/03 11:06:10 [notice] 1#1: worker process 35 exited with code 0
2024/12/03 11:06:10 [notice] 1#1: signal 29 (SIGIO) received
2024/12/03 11:06:10 [notice] 1#1: signal 17 (SIGCHLD) received from 35
2024/12/03 11:06:10 [notice] 1#1: signal 17 (SIGCHLD) received from 32
2024/12/03 11:06:10 [notice] 1#1: worker process 32 exited with code 0
2024/12/03 11:06:10 [notice] 1#1: exit
2024/12/03 11:06:37 [notice] 1#1: using the "epoll" event method
2024/12/03 11:06:37 [notice] 1#1: nginx/1.26.2
2024/12/03 11:06:37 [notice] 1#1: built by gcc 13.2.1 20240309 (Alpine 13.2.1_git20240309) 
2024/12/03 11:06:37 [notice] 1#1: OS: Linux 5.15.167.4-microsoft-standard-WSL2
2024/12/03 11:06:37 [notice] 1#1: getrlimit(RLIMIT_NOFILE): 1048576:1048576
2024/12/03 11:06:37 [notice] 1#1: start worker processes
2024/12/03 11:06:37 [notice] 1#1: start worker process 28
2024/12/03 11:06:37 [notice] 1#1: start worker process 29
2024/12/03 11:06:37 [notice] 1#1: start worker process 30
2024/12/03 11:06:37 [notice] 1#1: start worker process 31
2024/12/03 11:06:37 [notice] 1#1: start worker process 32
2024/12/03 11:06:37 [notice] 1#1: start worker process 33
2024/12/03 11:06:37 [notice] 1#1: start worker process 34
2024/12/03 11:06:37 [notice] 1#1: start worker process 35
2024/12/03 11:11:45 [notice] 1#1: signal 3 (SIGQUIT) received, shutting down
2024/12/03 11:11:45 [notice] 28#28: gracefully shutting down
2024/12/03 11:11:45 [notice] 29#29: gracefully shutting down
2024/12/03 11:11:45 [notice] 30#30: gracefully shutting down
2024/12/03 11:11:45 [notice] 31#31: gracefully shutting down
2024/12/03 11:11:45 [notice] 32#32: gracefully shutting down
2024/12/03 11:11:45 [notice] 33#33: gracefully shutting down
2024/12/03 11:11:45 [notice] 34#34: gracefully shutting down
2024/12/03 11:11:45 [notice] 34#34: exiting
2024/12/03 11:11:45 [notice] 35#35: gracefully shutting down
2024/12/03 11:11:45 [notice] 28#28: exiting
2024/12/03 11:11:45 [notice] 29#29: exiting
2024/12/03 11:11:45 [notice] 30#30: exiting
2024/12/03 11:11:45 [notice] 31#31: exiting
2024/12/03 11:11:45 [notice] 32#32: exiting
2024/12/03 11:11:45 [notice] 33#33: exiting
2024/12/03 11:11:45 [notice] 34#34: exit
2024/12/03 11:11:45 [notice] 35#35: exiting
2024/12/03 11:11:45 [notice] 28#28: exit
2024/12/03 11:11:45 [notice] 29#29: exit
2024/12/03 11:11:45 [notice] 30#30: exit
2024/12/03 11:11:45 [notice] 31#31: exit
2024/12/03 11:11:45 [notice] 32#32: exit
2024/12/03 11:11:45 [notice] 33#33: exit
2024/12/03 11:11:45 [notice] 35#35: exit
2024/12/03 11:11:45 [notice] 1#1: signal 17 (SIGCHLD) received from 30
2024/12/03 11:11:45 [notice] 1#1: worker process 30 exited with code 0
2024/12/03 11:11:45 [notice] 1#1: worker process 33 exited with code 0
2024/12/03 11:11:45 [notice] 1#1: signal 29 (SIGIO) received
2024/12/03 11:11:45 [notice] 1#1: signal 17 (SIGCHLD) received from 31
2024/12/03 11:11:45 [notice] 1#1: worker process 29 exited with code 0
2024/12/03 11:11:45 [notice] 1#1: worker process 31 exited with code 0
2024/12/03 11:11:45 [notice] 1#1: signal 29 (SIGIO) received
2024/12/03 11:11:45 [notice] 1#1: signal 17 (SIGCHLD) received from 29
2024/12/03 11:11:45 [notice] 1#1: signal 17 (SIGCHLD) received from 28
2024/12/03 11:11:45 [notice] 1#1: worker process 28 exited with code 0
2024/12/03 11:11:45 [notice] 1#1: signal 29 (SIGIO) received
2024/12/03 11:11:45 [notice] 1#1: signal 17 (SIGCHLD) received from 32
2024/12/03 11:11:45 [notice] 1#1: worker process 32 exited with code 0
2024/12/03 11:11:45 [notice] 1#1: signal 29 (SIGIO) received
2024/12/03 11:11:45 [notice] 1#1: signal 17 (SIGCHLD) received from 35
2024/12/03 11:11:45 [notice] 1#1: worker process 34 exited with code 0
2024/12/03 11:11:45 [notice] 1#1: worker process 35 exited with code 0
2024/12/03 11:11:45 [notice] 1#1: exit
2024/12/03 11:19:40 [notice] 1#1: using the "epoll" event method
2024/12/03 11:19:40 [notice] 1#1: nginx/1.26.2
2024/12/03 11:19:40 [notice] 1#1: built by gcc 13.2.1 20240309 (Alpine 13.2.1_git20240309) 
2024/12/03 11:19:40 [notice] 1#1: OS: Linux 5.15.167.4-microsoft-standard-WSL2
2024/12/03 11:19:40 [notice] 1#1: getrlimit(RLIMIT_NOFILE): 1048576:1048576
2024/12/03 11:19:40 [notice] 1#1: start worker processes
2024/12/03 11:19:40 [notice] 1#1: start worker process 29
2024/12/03 11:19:40 [notice] 1#1: start worker process 30
2024/12/03 11:19:40 [notice] 1#1: start worker process 31
2024/12/03 11:19:40 [notice] 1#1: start worker process 32
2024/12/03 11:19:40 [notice] 1#1: start worker process 33
2024/12/03 11:19:40 [notice] 1#1: start worker process 34
2024/12/03 11:19:40 [notice] 1#1: start worker process 35
2024/12/03 11:19:40 [notice] 1#1: start worker process 36
2024/12/03 11:45:47 [notice] 1#1: signal 3 (SIGQUIT) received, shutting down
2024/12/03 11:45:47 [notice] 29#29: gracefully shutting down
2024/12/03 11:45:47 [notice] 31#31: gracefully shutting down
2024/12/03 11:45:47 [notice] 30#30: gracefully shutting down
2024/12/03 11:45:47 [notice] 34#34: gracefully shutting down
2024/12/03 11:45:47 [notice] 34#34: exiting
2024/12/03 11:45:47 [notice] 32#32: gracefully shutting down
2024/12/03 11:45:47 [notice] 33#33: gracefully shutting down
2024/12/03 11:45:47 [notice] 35#35: gracefully shutting down
2024/12/03 11:45:47 [notice] 35#35: exiting
2024/12/03 11:45:47 [notice] 36#36: gracefully shutting down
2024/12/03 11:45:47 [notice] 29#29: exiting
2024/12/03 11:45:47 [notice] 31#31: exiting
2024/12/03 11:45:47 [notice] 30#30: exiting
2024/12/03 11:45:47 [notice] 34#34: exit
2024/12/03 11:45:47 [notice] 32#32: exiting
2024/12/03 11:45:47 [notice] 33#33: exiting
2024/12/03 11:45:47 [notice] 35#35: exit
2024/12/03 11:45:47 [notice] 36#36: exiting
2024/12/03 11:45:47 [notice] 29#29: exit
2024/12/03 11:45:47 [notice] 31#31: exit
2024/12/03 11:45:47 [notice] 30#30: exit
2024/12/03 11:45:47 [notice] 32#32: exit
2024/12/03 11:45:47 [notice] 33#33: exit
2024/12/03 11:45:47 [notice] 36#36: exit
2024/12/03 11:45:47 [notice] 1#1: signal 17 (SIGCHLD) received from 31
2024/12/03 11:45:47 [notice] 1#1: worker process 29 exited with code 0
2024/12/03 11:45:47 [notice] 1#1: worker process 31 exited with code 0
2024/12/03 11:45:47 [notice] 1#1: worker process 35 exited with code 0
2024/12/03 11:45:47 [notice] 1#1: signal 29 (SIGIO) received
2024/12/03 11:45:47 [notice] 1#1: signal 17 (SIGCHLD) received from 35
2024/12/03 11:45:47 [notice] 1#1: signal 17 (SIGCHLD) received from 34
2024/12/03 11:45:47 [notice] 1#1: worker process 34 exited with code 0
2024/12/03 11:45:47 [notice] 1#1: signal 29 (SIGIO) received
2024/12/03 11:45:47 [notice] 1#1: signal 17 (SIGCHLD) received from 32
2024/12/03 11:45:47 [notice] 1#1: worker process 30 exited with code 0
2024/12/03 11:45:47 [notice] 1#1: worker process 32 exited with code 0
2024/12/03 11:45:47 [notice] 1#1: worker process 33 exited with code 0
2024/12/03 11:45:47 [notice] 1#1: signal 29 (SIGIO) received
2024/12/03 11:45:48 [notice] 1#1: signal 17 (SIGCHLD) received from 36
2024/12/03 11:45:48 [notice] 1#1: worker process 36 exited with code 0
2024/12/03 11:45:48 [notice] 1#1: exit
2024/12/03 11:50:13 [notice] 1#1: using the "epoll" event method
2024/12/03 11:50:13 [notice] 1#1: nginx/1.26.2
2024/12/03 11:50:13 [notice] 1#1: built by gcc 13.2.1 20240309 (Alpine 13.2.1_git20240309) 
2024/12/03 11:50:13 [notice] 1#1: OS: Linux 5.15.167.4-microsoft-standard-WSL2
2024/12/03 11:50:13 [notice] 1#1: getrlimit(RLIMIT_NOFILE): 1048576:1048576
2024/12/03 11:50:13 [notice] 1#1: start worker processes
2024/12/03 11:50:13 [notice] 1#1: start worker process 29
2024/12/03 11:50:13 [notice] 1#1: start worker process 30
2024/12/03 11:50:13 [notice] 1#1: start worker process 31
2024/12/03 11:50:13 [notice] 1#1: start worker process 32
2024/12/03 11:50:13 [notice] 1#1: start worker process 33
2024/12/03 11:50:13 [notice] 1#1: start worker process 34
2024/12/03 11:50:13 [notice] 1#1: start worker process 35
2024/12/03 11:50:13 [notice] 1#1: start worker process 36
2024/12/03 12:58:13 [notice] 1#1: using the "epoll" event method
2024/12/03 12:58:13 [notice] 1#1: nginx/1.26.2
2024/12/03 12:58:13 [notice] 1#1: built by gcc 13.2.1 20240309 (Alpine 13.2.1_git20240309) 
2024/12/03 12:58:13 [notice] 1#1: OS: Linux 5.15.167.4-microsoft-standard-WSL2
2024/12/03 12:58:13 [notice] 1#1: getrlimit(RLIMIT_NOFILE): 1048576:1048576
2024/12/03 12:58:13 [notice] 1#1: start worker processes
2024/12/03 12:58:13 [notice] 1#1: start worker process 29
2024/12/03 12:58:13 [notice] 1#1: start worker process 30
2024/12/03 12:58:13 [notice] 1#1: start worker process 31
2024/12/03 12:58:13 [notice] 1#1: start worker process 32
2024/12/03 12:58:13 [notice] 1#1: start worker process 33
2024/12/03 12:58:13 [notice] 1#1: start worker process 34
2024/12/03 12:58:13 [notice] 1#1: start worker process 35
2024/12/03 12:58:13 [notice] 1#1: start worker process 36
2024/12/03 13:08:07 [notice] 1#1: signal 3 (SIGQUIT) received, shutting down
2024/12/03 13:08:07 [notice] 34#34: gracefully shutting down
2024/12/03 13:08:07 [notice] 29#29: gracefully shutting down
2024/12/03 13:08:07 [notice] 33#33: gracefully shutting down
2024/12/03 13:08:07 [notice] 31#31: gracefully shutting down
2024/12/03 13:08:07 [notice] 30#30: gracefully shutting down
2024/12/03 13:08:07 [notice] 36#36: gracefully shutting down
2024/12/03 13:08:07 [notice] 35#35: gracefully shutting down
2024/12/03 13:08:07 [notice] 32#32: gracefully shutting down
2024/12/03 13:08:07 [notice] 34#34: exiting
2024/12/03 13:08:07 [notice] 29#29: exiting
2024/12/03 13:08:07 [notice] 33#33: exiting
2024/12/03 13:08:07 [notice] 31#31: exiting
2024/12/03 13:08:07 [notice] 30#30: exiting
2024/12/03 13:08:07 [notice] 36#36: exiting
2024/12/03 13:08:07 [notice] 35#35: exiting
2024/12/03 13:08:07 [notice] 32#32: exiting
2024/12/03 13:08:07 [notice] 34#34: exit
2024/12/03 13:08:07 [notice] 29#29: exit
2024/12/03 13:08:07 [notice] 33#33: exit
2024/12/03 13:08:07 [notice] 31#31: exit
2024/12/03 13:08:07 [notice] 30#30: exit
2024/12/03 13:08:07 [notice] 36#36: exit
2024/12/03 13:08:07 [notice] 35#35: exit
2024/12/03 13:08:07 [notice] 32#32: exit
2024/12/03 13:08:07 [notice] 1#1: signal 17 (SIGCHLD) received from 29
2024/12/03 13:08:07 [notice] 1#1: worker process 29 exited with code 0
2024/12/03 13:08:07 [notice] 1#1: worker process 30 exited with code 0
2024/12/03 13:08:07 [notice] 1#1: worker process 32 exited with code 0
2024/12/03 13:08:07 [notice] 1#1: worker process 33 exited with code 0
2024/12/03 13:08:07 [notice] 1#1: worker process 34 exited with code 0
2024/12/03 13:08:07 [notice] 1#1: worker process 35 exited with code 0
2024/12/03 13:08:07 [notice] 1#1: worker process 36 exited with code 0
2024/12/03 13:08:07 [notice] 1#1: signal 29 (SIGIO) received
2024/12/03 13:08:07 [notice] 1#1: signal 17 (SIGCHLD) received from 35
2024/12/03 13:08:07 [notice] 1#1: signal 17 (SIGCHLD) received from 31
2024/12/03 13:08:07 [notice] 1#1: worker process 31 exited with code 0
2024/12/03 13:08:07 [notice] 1#1: exit
2024/12/03 13:08:24 [notice] 1#1: using the "epoll" event method
2024/12/03 13:08:24 [notice] 1#1: nginx/1.26.2
2024/12/03 13:08:24 [notice] 1#1: built by gcc 13.2.1 20240309 (Alpine 13.2.1_git20240309) 
2024/12/03 13:08:24 [notice] 1#1: OS: Linux 5.15.167.4-microsoft-standard-WSL2
2024/12/03 13:08:24 [notice] 1#1: getrlimit(RLIMIT_NOFILE): 1048576:1048576
2024/12/03 13:08:24 [notice] 1#1: start worker processes
2024/12/03 13:08:24 [notice] 1#1: start worker process 29
2024/12/03 13:08:24 [notice] 1#1: start worker process 30
2024/12/03 13:08:24 [notice] 1#1: start worker process 31
2024/12/03 13:08:24 [notice] 1#1: start worker process 32
2024/12/03 13:08:24 [notice] 1#1: start worker process 33
2024/12/03 13:08:24 [notice] 1#1: start worker process 34
2024/12/03 13:08:24 [notice] 1#1: start worker process 35
2024/12/03 13:08:24 [notice] 1#1: start worker process 36
2024/12/03 17:53:15 [notice] 1#1: using the "epoll" event method
2024/12/03 17:53:15 [notice] 1#1: nginx/1.26.2
2024/12/03 17:53:15 [notice] 1#1: built by gcc 13.2.1 20240309 (Alpine 13.2.1_git20240309) 
2024/12/03 17:53:15 [notice] 1#1: OS: Linux 5.15.167.4-microsoft-standard-WSL2
2024/12/03 17:53:15 [notice] 1#1: getrlimit(RLIMIT_NOFILE): 1048576:1048576
2024/12/03 17:53:15 [notice] 1#1: start worker processes
2024/12/03 17:53:15 [notice] 1#1: start worker process 29
2024/12/03 17:53:15 [notice] 1#1: start worker process 30
2024/12/03 17:53:15 [notice] 1#1: start worker process 31
2024/12/03 17:53:15 [notice] 1#1: start worker process 32
2024/12/03 17:53:15 [notice] 1#1: start worker process 33
2024/12/03 17:53:15 [notice] 1#1: start worker process 34
2024/12/03 17:53:15 [notice] 1#1: start worker process 35
2024/12/03 17:53:15 [notice] 1#1: start worker process 36
2024/12/03 18:13:39 [notice] 1#1: signal 3 (SIGQUIT) received, shutting down
2024/12/03 18:13:39 [notice] 33#33: gracefully shutting down
2024/12/03 18:13:39 [notice] 30#30: gracefully shutting down
2024/12/03 18:13:39 [notice] 31#31: gracefully shutting down
2024/12/03 18:13:39 [notice] 29#29: gracefully shutting down
2024/12/03 18:13:39 [notice] 31#31: exiting
2024/12/03 18:13:39 [notice] 32#32: gracefully shutting down
2024/12/03 18:13:39 [notice] 36#36: gracefully shutting down
2024/12/03 18:13:39 [notice] 34#34: gracefully shutting down
2024/12/03 18:13:39 [notice] 35#35: gracefully shutting down
2024/12/03 18:13:39 [notice] 33#33: exiting
2024/12/03 18:13:39 [notice] 30#30: exiting
2024/12/03 18:13:39 [notice] 29#29: exiting
2024/12/03 18:13:39 [notice] 31#31: exit
2024/12/03 18:13:39 [notice] 32#32: exiting
2024/12/03 18:13:39 [notice] 36#36: exiting
2024/12/03 18:13:39 [notice] 34#34: exiting
2024/12/03 18:13:39 [notice] 35#35: exiting
2024/12/03 18:13:39 [notice] 33#33: exit
2024/12/03 18:13:39 [notice] 30#30: exit
2024/12/03 18:13:39 [notice] 32#32: exit
2024/12/03 18:13:39 [notice] 36#36: exit
2024/12/03 18:13:39 [notice] 29#29: exit
2024/12/03 18:13:39 [notice] 34#34: exit
2024/12/03 18:13:39 [notice] 35#35: exit
2024/12/03 18:13:39 [notice] 1#1: signal 17 (SIGCHLD) received from 29
2024/12/03 18:13:39 [notice] 1#1: worker process 29 exited with code 0
2024/12/03 18:13:39 [notice] 1#1: worker process 32 exited with code 0
2024/12/03 18:13:39 [notice] 1#1: signal 29 (SIGIO) received
2024/12/03 18:13:39 [notice] 1#1: signal 17 (SIGCHLD) received from 34
2024/12/03 18:13:39 [notice] 1#1: worker process 31 exited with code 0
2024/12/03 18:13:39 [notice] 1#1: worker process 33 exited with code 0
2024/12/03 18:13:39 [notice] 1#1: worker process 34 exited with code 0
2024/12/03 18:13:39 [notice] 1#1: worker process 35 exited with code 0
2024/12/03 18:13:39 [notice] 1#1: signal 29 (SIGIO) received
2024/12/03 18:13:39 [notice] 1#1: signal 17 (SIGCHLD) received from 31
2024/12/03 18:13:39 [notice] 1#1: signal 17 (SIGCHLD) received from 36
2024/12/03 18:13:39 [notice] 1#1: worker process 30 exited with code 0
2024/12/03 18:13:39 [notice] 1#1: worker process 36 exited with code 0
2024/12/03 18:13:39 [notice] 1#1: exit
2024/12/03 18:14:05 [notice] 1#1: using the "epoll" event method
2024/12/03 18:14:05 [notice] 1#1: nginx/1.26.2
2024/12/03 18:14:05 [notice] 1#1: built by gcc 13.2.1 20240309 (Alpine 13.2.1_git20240309) 
2024/12/03 18:14:05 [notice] 1#1: OS: Linux 5.15.167.4-microsoft-standard-WSL2
2024/12/03 18:14:05 [notice] 1#1: getrlimit(RLIMIT_NOFILE): 1048576:1048576
2024/12/03 18:14:05 [notice] 1#1: start worker processes
2024/12/03 18:14:05 [notice] 1#1: start worker process 29
2024/12/03 18:14:05 [notice] 1#1: start worker process 30
2024/12/03 18:14:05 [notice] 1#1: start worker process 31
2024/12/03 18:14:05 [notice] 1#1: start worker process 32
2024/12/03 18:14:05 [notice] 1#1: start worker process 33
2024/12/03 18:14:05 [notice] 1#1: start worker process 34
2024/12/03 18:14:05 [notice] 1#1: start worker process 35
2024/12/03 18:14:05 [notice] 1#1: start worker process 36
2024/12/03 18:44:12 [notice] 1#1: using the "epoll" event method
2024/12/03 18:44:12 [notice] 1#1: nginx/1.26.2
2024/12/03 18:44:12 [notice] 1#1: built by gcc 13.2.1 20240309 (Alpine 13.2.1_git20240309) 
2024/12/03 18:44:12 [notice] 1#1: OS: Linux 5.15.167.4-microsoft-standard-WSL2
2024/12/03 18:44:12 [notice] 1#1: getrlimit(RLIMIT_NOFILE): 1048576:1048576
2024/12/03 18:44:12 [notice] 1#1: start worker processes
2024/12/03 18:44:12 [notice] 1#1: start worker process 29
2024/12/03 18:44:12 [notice] 1#1: start worker process 30
2024/12/03 18:44:12 [notice] 1#1: start worker process 31
2024/12/03 18:44:12 [notice] 1#1: start worker process 32
2024/12/03 18:44:12 [notice] 1#1: start worker process 33
2024/12/03 18:44:12 [notice] 1#1: start worker process 34
2024/12/03 18:44:12 [notice] 1#1: start worker process 35
2024/12/03 18:44:12 [notice] 1#1: start worker process 36
2024/12/03 22:26:02 [error] 31#31: *123 upstream timed out (110: Operation timed out) while reading response header from upstream, client: 172.18.0.1, server: 192.168.71.128, request: "GET /web/home HTTP/1.1", upstream: "fastcgi://172.18.0.3:9000", host: "localhost", referrer: "http://localhost/web/home"
2024/12/03 22:26:49 [notice] 1#1: signal 3 (SIGQUIT) received, shutting down
2024/12/03 22:26:49 [notice] 29#29: gracefully shutting down
2024/12/03 22:26:49 [notice] 34#34: gracefully shutting down
2024/12/03 22:26:49 [notice] 34#34: exiting
2024/12/03 22:26:49 [notice] 35#35: gracefully shutting down
2024/12/03 22:26:49 [notice] 35#35: exiting
2024/12/03 22:26:49 [notice] 36#36: gracefully shutting down
2024/12/03 22:26:49 [notice] 33#33: gracefully shutting down
2024/12/03 22:26:49 [notice] 31#31: gracefully shutting down
2024/12/03 22:26:49 [notice] 30#30: gracefully shutting down
2024/12/03 22:26:49 [notice] 32#32: gracefully shutting down
2024/12/03 22:26:49 [notice] 29#29: exiting
2024/12/03 22:26:49 [notice] 34#34: exit
2024/12/03 22:26:49 [notice] 35#35: exit
2024/12/03 22:26:49 [notice] 36#36: exiting
2024/12/03 22:26:49 [notice] 36#36: exit
2024/12/03 22:26:49 [notice] 33#33: exiting
2024/12/03 22:26:49 [notice] 33#33: exit
2024/12/03 22:26:49 [notice] 30#30: exiting
2024/12/03 22:26:49 [notice] 29#29: exit
2024/12/03 22:26:49 [notice] 30#30: exit
2024/12/03 22:26:49 [notice] 1#1: signal 17 (SIGCHLD) received from 34
2024/12/03 22:26:49 [notice] 1#1: worker process 34 exited with code 0
2024/12/03 22:26:49 [notice] 1#1: worker process 35 exited with code 0
2024/12/03 22:26:49 [notice] 1#1: signal 29 (SIGIO) received
2024/12/03 22:26:49 [notice] 1#1: signal 17 (SIGCHLD) received from 36
2024/12/03 22:26:49 [notice] 1#1: worker process 29 exited with code 0
2024/12/03 22:26:49 [notice] 1#1: worker process 36 exited with code 0
2024/12/03 22:26:49 [notice] 1#1: signal 29 (SIGIO) received
2024/12/03 22:26:49 [notice] 1#1: signal 17 (SIGCHLD) received from 29
2024/12/03 22:26:49 [notice] 1#1: signal 17 (SIGCHLD) received from 33
2024/12/03 22:26:49 [notice] 1#1: worker process 33 exited with code 0
2024/12/03 22:26:49 [notice] 1#1: signal 29 (SIGIO) received
2024/12/03 22:26:49 [notice] 1#1: signal 17 (SIGCHLD) received from 30
2024/12/03 22:26:49 [notice] 1#1: worker process 30 exited with code 0
2024/12/03 22:26:49 [notice] 1#1: signal 29 (SIGIO) received
2024/12/03 22:27:13 [notice] 1#1: using the "epoll" event method
2024/12/03 22:27:13 [notice] 1#1: nginx/1.26.2
2024/12/03 22:27:13 [notice] 1#1: built by gcc 13.2.1 20240309 (Alpine 13.2.1_git20240309) 
2024/12/03 22:27:13 [notice] 1#1: OS: Linux 5.15.167.4-microsoft-standard-WSL2
2024/12/03 22:27:13 [notice] 1#1: getrlimit(RLIMIT_NOFILE): 1048576:1048576
2024/12/03 22:27:13 [notice] 1#1: start worker processes
2024/12/03 22:27:13 [notice] 1#1: start worker process 30
2024/12/03 22:27:13 [notice] 1#1: start worker process 31
2024/12/03 22:27:13 [notice] 1#1: start worker process 32
2024/12/03 22:27:13 [notice] 1#1: start worker process 33
2024/12/03 22:27:13 [notice] 1#1: start worker process 34
2024/12/03 22:27:13 [notice] 1#1: start worker process 35
2024/12/03 22:27:13 [notice] 1#1: start worker process 36
2024/12/03 22:27:13 [notice] 1#1: start worker process 37
2024/12/03 22:28:43 [error] 30#30: *1 upstream timed out (110: Operation timed out) while reading response header from upstream, client: 172.18.0.1, server: 192.168.71.128, request: "GET /web/home HTTP/1.1", upstream: "fastcgi://172.18.0.2:9000", host: "localhost", referrer: "http://localhost/web/home"
2024/12/03 22:31:37 [error] 33#33: *5 upstream timed out (110: Operation timed out) while reading response header from upstream, client: 172.18.0.1, server: 192.168.71.128, request: "GET /web/login HTTP/1.1", upstream: "fastcgi://172.18.0.2:9000", host: "localhost"
2024/12/03 22:36:02 [error] 36#36: *10 upstream timed out (110: Operation timed out) while reading response header from upstream, client: 172.18.0.1, server: 192.168.71.128, request: "GET /web/login HTTP/1.1", upstream: "fastcgi://172.18.0.2:9000", host: "localhost"
2024/12/03 22:38:28 [notice] 1#1: signal 3 (SIGQUIT) received, shutting down
2024/12/03 22:38:28 [notice] 30#30: gracefully shutting down
2024/12/03 22:38:28 [notice] 34#34: gracefully shutting down
2024/12/03 22:38:28 [notice] 37#37: gracefully shutting down
2024/12/03 22:38:28 [notice] 36#36: gracefully shutting down
2024/12/03 22:38:28 [notice] 31#31: gracefully shutting down
2024/12/03 22:38:28 [notice] 35#35: gracefully shutting down
2024/12/03 22:38:28 [notice] 32#32: gracefully shutting down
2024/12/03 22:38:28 [notice] 33#33: gracefully shutting down
2024/12/03 22:38:28 [notice] 34#34: exiting
2024/12/03 22:38:28 [notice] 37#37: exiting
2024/12/03 22:38:28 [notice] 36#36: exiting
2024/12/03 22:38:28 [notice] 35#35: exiting
2024/12/03 22:38:28 [notice] 32#32: exiting
2024/12/03 22:38:28 [notice] 33#33: exiting
2024/12/03 22:38:28 [notice] 34#34: exit
2024/12/03 22:38:28 [notice] 37#37: exit
2024/12/03 22:38:28 [notice] 36#36: exit
2024/12/03 22:38:28 [notice] 35#35: exit
2024/12/03 22:38:28 [notice] 32#32: exit
2024/12/03 22:38:28 [notice] 33#33: exit
2024/12/03 22:38:28 [notice] 1#1: signal 17 (SIGCHLD) received from 37
2024/12/03 22:38:28 [notice] 1#1: worker process 35 exited with code 0
2024/12/03 22:38:28 [notice] 1#1: worker process 36 exited with code 0
2024/12/03 22:38:28 [notice] 1#1: worker process 37 exited with code 0
2024/12/03 22:38:28 [notice] 1#1: signal 29 (SIGIO) received
2024/12/03 22:38:28 [notice] 1#1: signal 17 (SIGCHLD) received from 33
2024/12/03 22:38:28 [notice] 1#1: worker process 33 exited with code 0
2024/12/03 22:38:28 [notice] 1#1: signal 29 (SIGIO) received
2024/12/03 22:38:28 [notice] 1#1: signal 17 (SIGCHLD) received from 32
2024/12/03 22:38:28 [notice] 1#1: worker process 32 exited with code 0
2024/12/03 22:38:28 [notice] 1#1: worker process 34 exited with code 0
2024/12/03 22:38:28 [notice] 1#1: signal 29 (SIGIO) received
2024/12/03 22:38:29 [notice] 31#31: exiting
2024/12/03 22:38:29 [notice] 30#30: exiting
2024/12/03 22:38:29 [notice] 31#31: exit
2024/12/03 22:38:29 [notice] 30#30: exit
2024/12/03 22:41:45 [notice] 1#1: using the "epoll" event method
2024/12/03 22:41:45 [notice] 1#1: nginx/1.26.2
2024/12/03 22:41:45 [notice] 1#1: built by gcc 13.2.1 20240309 (Alpine 13.2.1_git20240309) 
2024/12/03 22:41:45 [notice] 1#1: OS: Linux 5.15.167.4-microsoft-standard-WSL2
2024/12/03 22:41:45 [notice] 1#1: getrlimit(RLIMIT_NOFILE): 1048576:1048576
2024/12/03 22:41:45 [notice] 1#1: start worker processes
2024/12/03 22:41:45 [notice] 1#1: start worker process 29
2024/12/03 22:41:45 [notice] 1#1: start worker process 30
2024/12/03 22:41:45 [notice] 1#1: start worker process 31
2024/12/03 22:41:45 [notice] 1#1: start worker process 32
2024/12/03 22:41:45 [notice] 1#1: start worker process 33
2024/12/03 22:41:45 [notice] 1#1: start worker process 34
2024/12/03 22:41:45 [notice] 1#1: start worker process 35
2024/12/03 22:41:45 [notice] 1#1: start worker process 36
2024/12/03 22:43:09 [error] 29#29: *1 upstream timed out (110: Operation timed out) while reading response header from upstream, client: 172.18.0.1, server: 192.168.71.128, request: "GET /web/login HTTP/1.1", upstream: "fastcgi://172.18.0.5:9000", host: "localhost"
2024/12/03 22:48:12 [error] 33#33: *8 upstream timed out (110: Operation timed out) while reading response header from upstream, client: 172.18.0.1, server: 192.168.71.128, request: "GET /web/login HTTP/1.1", upstream: "fastcgi://172.18.0.5:9000", host: "localhost"
2024/12/04 17:43:50 [notice] 1#1: signal 3 (SIGQUIT) received, shutting down
2024/12/04 17:43:50 [notice] 29#29: gracefully shutting down
2024/12/04 17:43:50 [notice] 30#30: gracefully shutting down
2024/12/04 17:43:50 [notice] 30#30: exiting
2024/12/04 17:43:50 [notice] 31#31: gracefully shutting down
2024/12/04 17:43:50 [notice] 32#32: gracefully shutting down
2024/12/04 17:43:50 [notice] 33#33: gracefully shutting down
2024/12/04 17:43:50 [notice] 34#34: gracefully shutting down
2024/12/04 17:43:50 [notice] 36#36: gracefully shutting down
2024/12/04 17:43:50 [notice] 36#36: exiting
2024/12/04 17:43:50 [notice] 35#35: gracefully shutting down
2024/12/04 17:43:50 [notice] 29#29: exiting
2024/12/04 17:43:50 [notice] 30#30: exit
2024/12/04 17:43:50 [notice] 31#31: exiting
2024/12/04 17:43:50 [notice] 32#32: exiting
2024/12/04 17:43:50 [notice] 31#31: exit
2024/12/04 17:43:50 [notice] 33#33: exiting
2024/12/04 17:43:50 [notice] 34#34: exiting
2024/12/04 17:43:50 [notice] 36#36: exit
2024/12/04 17:43:50 [notice] 35#35: exiting
2024/12/04 17:43:50 [notice] 29#29: exit
2024/12/04 17:43:50 [notice] 32#32: exit
2024/12/04 17:43:50 [notice] 33#33: exit
2024/12/04 17:43:50 [notice] 34#34: exit
2024/12/04 17:43:50 [notice] 35#35: exit
2024/12/04 17:43:50 [notice] 1#1: signal 17 (SIGCHLD) received from 36
2024/12/04 17:43:50 [notice] 1#1: worker process 29 exited with code 0
2024/12/04 17:43:50 [notice] 1#1: worker process 31 exited with code 0
2024/12/04 17:43:50 [notice] 1#1: worker process 32 exited with code 0
2024/12/04 17:43:50 [notice] 1#1: worker process 33 exited with code 0
2024/12/04 17:43:50 [notice] 1#1: worker process 35 exited with code 0
2024/12/04 17:43:50 [notice] 1#1: worker process 36 exited with code 0
2024/12/04 17:43:50 [notice] 1#1: signal 29 (SIGIO) received
2024/12/04 17:43:50 [notice] 1#1: signal 17 (SIGCHLD) received from 29
2024/12/04 17:43:50 [notice] 1#1: signal 17 (SIGCHLD) received from 30
2024/12/04 17:43:50 [notice] 1#1: worker process 30 exited with code 0
2024/12/04 17:43:50 [notice] 1#1: worker process 34 exited with code 0
2024/12/04 17:43:50 [notice] 1#1: exit
2024/12/04 17:51:48 [notice] 1#1: using the "epoll" event method
2024/12/04 17:51:48 [notice] 1#1: nginx/1.26.2
2024/12/04 17:51:48 [notice] 1#1: built by gcc 13.2.1 20240309 (Alpine 13.2.1_git20240309) 
2024/12/04 17:51:48 [notice] 1#1: OS: Linux 5.15.167.4-microsoft-standard-WSL2
2024/12/04 17:51:48 [notice] 1#1: getrlimit(RLIMIT_NOFILE): 1048576:1048576
2024/12/04 17:51:48 [notice] 1#1: start worker processes
2024/12/04 17:51:48 [notice] 1#1: start worker process 29
2024/12/04 17:51:48 [notice] 1#1: start worker process 30
2024/12/04 17:51:48 [notice] 1#1: start worker process 31
2024/12/04 17:51:48 [notice] 1#1: start worker process 32
2024/12/04 17:51:48 [notice] 1#1: start worker process 33
2024/12/04 17:51:48 [notice] 1#1: start worker process 34
2024/12/04 17:51:48 [notice] 1#1: start worker process 35
2024/12/04 17:51:48 [notice] 1#1: start worker process 36
2024/12/04 18:33:54 [notice] 1#1: signal 3 (SIGQUIT) received, shutting down
2024/12/04 18:33:54 [notice] 31#31: gracefully shutting down
2024/12/04 18:33:54 [notice] 30#30: gracefully shutting down
2024/12/04 18:33:54 [notice] 30#30: exiting
2024/12/04 18:33:54 [notice] 32#32: gracefully shutting down
2024/12/04 18:33:54 [notice] 29#29: gracefully shutting down
2024/12/04 18:33:54 [notice] 32#32: exiting
2024/12/04 18:33:54 [notice] 33#33: gracefully shutting down
2024/12/04 18:33:54 [notice] 34#34: gracefully shutting down
2024/12/04 18:33:54 [notice] 35#35: gracefully shutting down
2024/12/04 18:33:54 [notice] 34#34: exiting
2024/12/04 18:33:54 [notice] 31#31: exiting
2024/12/04 18:33:54 [notice] 36#36: gracefully shutting down
2024/12/04 18:33:54 [notice] 30#30: exit
2024/12/04 18:33:54 [notice] 36#36: exiting
2024/12/04 18:33:54 [notice] 32#32: exit
2024/12/04 18:33:54 [notice] 35#35: exiting
2024/12/04 18:33:54 [notice] 29#29: exiting
2024/12/04 18:33:54 [notice] 34#34: exit
2024/12/04 18:33:54 [notice] 33#33: exiting
2024/12/04 18:33:54 [notice] 31#31: exit
2024/12/04 18:33:54 [notice] 36#36: exit
2024/12/04 18:33:54 [notice] 35#35: exit
2024/12/04 18:33:54 [notice] 29#29: exit
2024/12/04 18:33:54 [notice] 33#33: exit
2024/12/04 18:33:55 [notice] 1#1: signal 17 (SIGCHLD) received from 35
2024/12/04 18:33:55 [notice] 1#1: worker process 29 exited with code 0
2024/12/04 18:33:55 [notice] 1#1: worker process 31 exited with code 0
2024/12/04 18:33:55 [notice] 1#1: worker process 35 exited with code 0
2024/12/04 18:33:55 [notice] 1#1: signal 29 (SIGIO) received
2024/12/04 18:33:55 [notice] 1#1: signal 17 (SIGCHLD) received from 34
2024/12/04 18:33:55 [notice] 1#1: worker process 32 exited with code 0
2024/12/04 18:33:55 [notice] 1#1: worker process 34 exited with code 0
2024/12/04 18:33:55 [notice] 1#1: signal 29 (SIGIO) received
2024/12/04 18:33:55 [notice] 1#1: signal 17 (SIGCHLD) received from 33
2024/12/04 18:33:55 [notice] 1#1: worker process 33 exited with code 0
2024/12/04 18:33:55 [notice] 1#1: signal 29 (SIGIO) received
2024/12/04 18:33:55 [notice] 1#1: signal 17 (SIGCHLD) received from 36
2024/12/04 18:33:55 [notice] 1#1: worker process 30 exited with code 0
2024/12/04 18:33:55 [notice] 1#1: worker process 36 exited with code 0
2024/12/04 18:33:55 [notice] 1#1: exit
2024/12/04 19:10:11 [notice] 1#1: using the "epoll" event method
2024/12/04 19:10:11 [notice] 1#1: nginx/1.26.2
2024/12/04 19:10:11 [notice] 1#1: built by gcc 13.2.1 20240309 (Alpine 13.2.1_git20240309) 
2024/12/04 19:10:11 [notice] 1#1: OS: Linux 5.15.167.4-microsoft-standard-WSL2
2024/12/04 19:10:11 [notice] 1#1: getrlimit(RLIMIT_NOFILE): 1048576:1048576
2024/12/04 19:10:11 [notice] 1#1: start worker processes
2024/12/04 19:10:11 [notice] 1#1: start worker process 29
2024/12/04 19:10:11 [notice] 1#1: start worker process 30
2024/12/04 19:10:11 [notice] 1#1: start worker process 31
2024/12/04 19:10:11 [notice] 1#1: start worker process 32
2024/12/04 19:10:11 [notice] 1#1: start worker process 33
2024/12/04 19:10:11 [notice] 1#1: start worker process 34
2024/12/04 19:10:11 [notice] 1#1: start worker process 35
2024/12/04 19:10:11 [notice] 1#1: start worker process 36
