2024/12/04 19:53:20 [notice] 1#1: using the "epoll" event method
2024/12/04 19:53:20 [notice] 1#1: nginx/1.26.2
2024/12/04 19:53:20 [notice] 1#1: built by gcc 13.2.1 20240309 (Alpine 13.2.1_git20240309) 
2024/12/04 19:53:20 [notice] 1#1: OS: Linux 6.10.4-linuxkit
2024/12/04 19:53:20 [notice] 1#1: getrlimit(RLIMIT_NOFILE): 1048576:1048576
2024/12/04 19:53:20 [notice] 1#1: start worker processes
2024/12/04 19:53:20 [notice] 1#1: start worker process 28
2024/12/04 19:53:20 [notice] 1#1: start worker process 29
2024/12/04 19:53:20 [notice] 1#1: start worker process 30
2024/12/04 19:53:20 [notice] 1#1: start worker process 31
2024/12/04 19:53:20 [notice] 1#1: start worker process 32
2024/12/04 19:53:20 [notice] 1#1: start worker process 33
2024/12/04 19:53:20 [notice] 1#1: start worker process 34
2024/12/04 19:53:20 [notice] 1#1: start worker process 35
2024/12/04 19:53:20 [notice] 1#1: start worker process 36
2024/12/04 19:53:20 [notice] 1#1: start worker process 37
2024/12/04 19:55:29 [notice] 1#1: using the "epoll" event method
2024/12/04 19:55:29 [notice] 1#1: nginx/1.26.2
2024/12/04 19:55:29 [notice] 1#1: built by gcc 13.2.1 20240309 (Alpine 13.2.1_git20240309) 
2024/12/04 19:55:29 [notice] 1#1: OS: Linux 6.10.4-linuxkit
2024/12/04 19:55:29 [notice] 1#1: getrlimit(RLIMIT_NOFILE): 1048576:1048576
2024/12/04 19:55:29 [notice] 1#1: start worker processes
2024/12/04 19:55:29 [notice] 1#1: start worker process 29
2024/12/04 19:55:29 [notice] 1#1: start worker process 30
2024/12/04 19:55:29 [notice] 1#1: start worker process 31
2024/12/04 19:55:29 [notice] 1#1: start worker process 32
2024/12/04 19:55:29 [notice] 1#1: start worker process 33
2024/12/04 19:55:29 [notice] 1#1: start worker process 34
2024/12/04 19:55:29 [notice] 1#1: start worker process 35
2024/12/04 19:55:29 [notice] 1#1: start worker process 36
2024/12/04 19:55:29 [notice] 1#1: start worker process 37
2024/12/04 19:55:29 [notice] 1#1: start worker process 38
